# JRE version: OpenJDK Runtime Environment (8.0_152-b28) (build 1.8.0_152-release-1343-b28)
# Java VM: OpenJDK 64-Bit Server VM (25.152-b28 mixed mode linux-amd64 compressed oops)
Heap:
 par new generation   total 39296K, used 30555K [0x00000000d1200000, 0x00000000d3ca0000, 0x00000000e0c00000)
  eden space 34944K,  74% used [0x00000000d1200000, 0x00000000d2b96f40, 0x00000000d3420000)
  from space 4352K, 100% used [0x00000000d3420000, 0x00000000d3860000, 0x00000000d3860000)
  to   space 4352K,   0% used [0x00000000d3860000, 0x00000000d3860000, 0x00000000d3ca0000)
 concurrent mark-sweep generation total 87424K, used 31288K [0x00000000e0c00000, 0x00000000e6160000, 0x0000000100000000)
 Metaspace       used 89077K, capacity 91794K, committed 92156K, reserved 1130496K
  class space    used 11436K, capacity 12058K, committed 12168K, reserved 1048576K
GC Heap History (10 events):
Event: 20.253 GC heap before
{Heap before GC invocations=5 (full 1):
 par new generation   total 39296K, used 38443K [0x00000000d1200000, 0x00000000d3ca0000, 0x00000000e0c00000)
  eden space 34944K, 100% used [0x00000000d1200000, 0x00000000d3420000, 0x00000000d3420000)
  from space 4352K,  80% used [0x00000000d3860000, 0x00000000d3bcac60, 0x00000000d3ca0000)
  to   space 4352K,   0% used [0x00000000d3420000, 0x00000000d3420000, 0x00000000d3860000)
 concurrent mark-sweep generation total 87424K, used 23389K [0x00000000e0c00000, 0x00000000e6160000, 0x0000000100000000)
 Metaspace       used 41768K, capacity 42498K, committed 42752K, reserved 1087488K
  class space    used 4970K, capacity 5203K, committed 5212K, reserved 1048576K
Event: 20.259 GC heap after
Heap after GC invocations=6 (full 1):
 par new generation   total 39296K, used 4352K [0x00000000d1200000, 0x00000000d3ca0000, 0x00000000e0c00000)
  eden space 34944K,   0% used [0x00000000d1200000, 0x00000000d1200000, 0x00000000d3420000)
  from space 4352K, 100% used [0x00000000d3420000, 0x00000000d3860000, 0x00000000d3860000)
  to   space 4352K,   0% used [0x00000000d3860000, 0x00000000d3860000, 0x00000000d3ca0000)
 concurrent mark-sweep generation total 87424K, used 24894K [0x00000000e0c00000, 0x00000000e6160000, 0x0000000100000000)
 Metaspace       used 41768K, capacity 42498K, committed 42752K, reserved 1087488K
  class space    used 4970K, capacity 5203K, committed 5212K, reserved 1048576K
}
Event: 26.008 GC heap before
{Heap before GC invocations=6 (full 1):
 par new generation   total 39296K, used 39296K [0x00000000d1200000, 0x00000000d3ca0000, 0x00000000e0c00000)
  eden space 34944K, 100% used [0x00000000d1200000, 0x00000000d3420000, 0x00000000d3420000)
  from space 4352K, 100% used [0x00000000d3420000, 0x00000000d3860000, 0x00000000d3860000)
  to   space 4352K,   0% used [0x00000000d3860000, 0x00000000d3860000, 0x00000000d3ca0000)
 concurrent mark-sweep generation total 87424K, used 24894K [0x00000000e0c00000, 0x00000000e6160000, 0x0000000100000000)
 Metaspace       used 49046K, capacity 49960K, committed 50304K, reserved 1093632K
  class space    used 5769K, capacity 6019K, committed 6108K, reserved 1048576K
Event: 26.021 GC heap after
Heap after GC invocations=7 (full 1):
 par new generation   total 39296K, used 4352K [0x00000000d1200000, 0x00000000d3ca0000, 0x00000000e0c00000)
  eden space 34944K,   0% used [0x00000000d1200000, 0x00000000d1200000, 0x00000000d3420000)
  from space 4352K, 100% used [0x00000000d3860000, 0x00000000d3ca0000, 0x00000000d3ca0000)
  to   space 4352K,   0% used [0x00000000d3420000, 0x00000000d3420000, 0x00000000d3860000)
 concurrent mark-sweep generation total 87424K, used 32510K [0x00000000e0c00000, 0x00000000e6160000, 0x0000000100000000)
 Metaspace       used 49046K, capacity 49960K, committed 50304K, reserved 1093632K
  class space    used 5769K, capacity 6019K, committed 6108K, reserved 1048576K
}
Event: 32.870 GC heap before
{Heap before GC invocations=7 (full 2):
 par new generation   total 39296K, used 39296K [0x00000000d1200000, 0x00000000d3ca0000, 0x00000000e0c00000)
  eden space 34944K, 100% used [0x00000000d1200000, 0x00000000d3420000, 0x00000000d3420000)
  from space 4352K, 100% used [0x00000000d3860000, 0x00000000d3ca0000, 0x00000000d3ca0000)
  to   space 4352K,   0% used [0x00000000d3420000, 0x00000000d3420000, 0x00000000d3860000)
 concurrent mark-sweep generation total 87424K, used 32510K [0x00000000e0c00000, 0x00000000e6160000, 0x0000000100000000)
 Metaspace       used 58135K, capacity 59632K, committed 59844K, reserved 1101824K
  class space    used 6955K, capacity 7441K, committed 7560K, reserved 1048576K
Event: 32.888 GC heap after
Heap after GC invocations=8 (full 2):
 par new generation   total 39296K, used 4352K [0x00000000d1200000, 0x00000000d3ca0000, 0x00000000e0c00000)
  eden space 34944K,   0% used [0x00000000d1200000, 0x00000000d1200000, 0x00000000d3420000)
  from space 4352K, 100% used [0x00000000d3420000, 0x00000000d3860000, 0x00000000d3860000)
  to   space 4352K,   0% used [0x00000000d3860000, 0x00000000d3860000, 0x00000000d3ca0000)
 concurrent mark-sweep generation total 87424K, used 38060K [0x00000000e0c00000, 0x00000000e6160000, 0x0000000100000000)
 Metaspace       used 58135K, capacity 59632K, committed 59844K, reserved 1101824K
  class space    used 6955K, capacity 7441K, committed 7560K, reserved 1048576K
}
Event: 39.725 GC heap before
{Heap before GC invocations=8 (full 2):
 par new generation   total 39296K, used 39296K [0x00000000d1200000, 0x00000000d3ca0000, 0x00000000e0c00000)
  eden space 34944K, 100% used [0x00000000d1200000, 0x00000000d3420000, 0x00000000d3420000)
  from space 4352K, 100% used [0x00000000d3420000, 0x00000000d3860000, 0x00000000d3860000)
  to   space 4352K,   0% used [0x00000000d3860000, 0x00000000d3860000, 0x00000000d3ca0000)
 concurrent mark-sweep generation total 87424K, used 21721K [0x00000000e0c00000, 0x00000000e6160000, 0x0000000100000000)
 Metaspace       used 72328K, capacity 74476K, committed 74876K, reserved 1114112K
  class space    used 9007K, capacity 9671K, committed 9736K, reserved 1048576K
Event: 39.741 GC heap after
Heap after GC invocations=9 (full 2):
 par new generation   total 39296K, used 4352K [0x00000000d1200000, 0x00000000d3ca0000, 0x00000000e0c00000)
  eden space 34944K,   0% used [0x00000000d1200000, 0x00000000d1200000, 0x00000000d3420000)
  from space 4352K, 100% used [0x00000000d3860000, 0x00000000d3ca0000, 0x00000000d3ca0000)
  to   space 4352K,   0% used [0x00000000d3420000, 0x00000000d3420000, 0x00000000d3860000)
 concurrent mark-sweep generation total 87424K, used 27612K [0x00000000e0c00000, 0x00000000e6160000, 0x0000000100000000)
 Metaspace       used 72328K, capacity 74476K, committed 74876K, reserved 1114112K
  class space    used 9007K, capacity 9671K, committed 9736K, reserved 1048576K
}
Event: 45.962 GC heap before
{Heap before GC invocations=9 (full 2):
 par new generation   total 39296K, used 39296K [0x00000000d1200000, 0x00000000d3ca0000, 0x00000000e0c00000)
  eden space 34944K, 100% used [0x00000000d1200000, 0x00000000d3420000, 0x00000000d3420000)
  from space 4352K, 100% used [0x00000000d3860000, 0x00000000d3ca0000, 0x00000000d3ca0000)
  to   space 4352K,   0% used [0x00000000d3420000, 0x00000000d3420000, 0x00000000d3860000)
 concurrent mark-sweep generation total 87424K, used 27612K [0x00000000e0c00000, 0x00000000e6160000, 0x0000000100000000)
 Metaspace       used 83176K, capacity 85680K, committed 86012K, reserved 1124352K
  class space    used 10683K, capacity 11356K, committed 11400K, reserved 1048576K
Event: 45.970 GC heap after
Heap after GC invocations=10 (full 2):
 par new generation   total 39296K, used 4352K [0x00000000d1200000, 0x00000000d3ca0000, 0x00000000e0c00000)
  eden space 34944K,   0% used [0x00000000d1200000, 0x00000000d1200000, 0x00000000d3420000)
  from space 4352K, 100% used [0x00000000d3420000, 0x00000000d3860000, 0x00000000d3860000)
  to   space 4352K,   0% used [0x00000000d3860000, 0x00000000d3860000, 0x00000000d3ca0000)
 concurrent mark-sweep generation total 87424K, used 31288K [0x00000000e0c00000, 0x00000000e6160000, 0x0000000100000000)
 Metaspace       used 83176K, capacity 85680K, committed 86012K, reserved 1124352K
  class space    used 10683K, capacity 11356K, committed 11400K, reserved 1048576K
}

